<?xml version="1.0" encoding="UTF-8"?>
<testng-results ignored="0" total="3" passed="3" failed="0" skipped="0">
  <reporter-output>
  </reporter-output>
  <suite started-at="2020-07-31T14:37:16Z" name="Default suite" finished-at="2020-07-31T14:37:17Z" duration-ms="1378">
    <groups>
    </groups>
    <test started-at="2020-07-31T14:37:16Z" name="Default test" finished-at="2020-07-31T14:37:17Z" duration-ms="1378">
      <class name="day5NG.All_Annotations">
        <test-method is-config="true" signature="beforeSuite()[pri:0, instance:day5NG.All_Annotations@7d9f158f]" started-at="2020-07-31T20:07:15Z" name="beforeSuite" finished-at="2020-07-31T20:07:15Z" duration-ms="74" status="PASS">
          <reporter-output>
          </reporter-output>
        </test-method> <!-- beforeSuite -->
        <test-method is-config="true" signature="beforeTest()[pri:0, instance:day5NG.All_Annotations@7d9f158f]" started-at="2020-07-31T20:07:16Z" name="beforeTest" finished-at="2020-07-31T20:07:16Z" duration-ms="2" status="PASS">
          <reporter-output>
          </reporter-output>
        </test-method> <!-- beforeTest -->
        <test-method is-config="true" signature="beforeClass()[pri:0, instance:day5NG.All_Annotations@7d9f158f]" started-at="2020-07-31T20:07:16Z" name="beforeClass" finished-at="2020-07-31T20:07:16Z" duration-ms="4" status="PASS">
          <reporter-output>
          </reporter-output>
        </test-method> <!-- beforeClass -->
        <test-method is-config="true" signature="beforeMethod()[pri:0, instance:day5NG.All_Annotations@7d9f158f]" started-at="2020-07-31T20:07:16Z" name="beforeMethod" finished-at="2020-07-31T20:07:16Z" duration-ms="2" status="PASS">
          <reporter-output>
          </reporter-output>
        </test-method> <!-- beforeMethod -->
        <test-method signature="f1()[pri:0, instance:day5NG.All_Annotations@7d9f158f]" started-at="2020-07-31T20:07:16Z" name="f1" finished-at="2020-07-31T20:07:17Z" duration-ms="561" status="PASS">
          <reporter-output>
          </reporter-output>
        </test-method> <!-- f1 -->
        <test-method is-config="true" signature="afterMethod()[pri:0, instance:day5NG.All_Annotations@7d9f158f]" started-at="2020-07-31T20:07:17Z" name="afterMethod" finished-at="2020-07-31T20:07:17Z" duration-ms="5" status="PASS">
          <reporter-output>
          </reporter-output>
        </test-method> <!-- afterMethod -->
        <test-method is-config="true" signature="beforeMethod()[pri:0, instance:day5NG.All_Annotations@7d9f158f]" started-at="2020-07-31T20:07:17Z" name="beforeMethod" finished-at="2020-07-31T20:07:17Z" duration-ms="1" status="PASS">
          <reporter-output>
          </reporter-output>
        </test-method> <!-- beforeMethod -->
        <test-method signature="f2()[pri:0, instance:day5NG.All_Annotations@7d9f158f]" started-at="2020-07-31T20:07:17Z" name="f2" finished-at="2020-07-31T20:07:17Z" duration-ms="17" status="PASS">
          <reporter-output>
          </reporter-output>
        </test-method> <!-- f2 -->
        <test-method is-config="true" signature="afterMethod()[pri:0, instance:day5NG.All_Annotations@7d9f158f]" started-at="2020-07-31T20:07:17Z" name="afterMethod" finished-at="2020-07-31T20:07:17Z" duration-ms="2" status="PASS">
          <reporter-output>
          </reporter-output>
        </test-method> <!-- afterMethod -->
        <test-method is-config="true" signature="beforeMethod()[pri:0, instance:day5NG.All_Annotations@7d9f158f]" started-at="2020-07-31T20:07:17Z" name="beforeMethod" finished-at="2020-07-31T20:07:17Z" duration-ms="3" status="PASS">
          <reporter-output>
          </reporter-output>
        </test-method> <!-- beforeMethod -->
        <test-method signature="f3()[pri:0, instance:day5NG.All_Annotations@7d9f158f]" started-at="2020-07-31T20:07:17Z" name="f3" finished-at="2020-07-31T20:07:17Z" duration-ms="100" status="PASS">
          <reporter-output>
          </reporter-output>
        </test-method> <!-- f3 -->
        <test-method is-config="true" signature="afterMethod()[pri:0, instance:day5NG.All_Annotations@7d9f158f]" started-at="2020-07-31T20:07:17Z" name="afterMethod" finished-at="2020-07-31T20:07:17Z" duration-ms="3" status="PASS">
          <reporter-output>
          </reporter-output>
        </test-method> <!-- afterMethod -->
        <test-method is-config="true" signature="afterClass()[pri:0, instance:day5NG.All_Annotations@7d9f158f]" started-at="2020-07-31T20:07:17Z" name="afterClass" finished-at="2020-07-31T20:07:17Z" duration-ms="6" status="PASS">
          <reporter-output>
          </reporter-output>
        </test-method> <!-- afterClass -->
        <test-method is-config="true" signature="afterTest()[pri:0, instance:day5NG.All_Annotations@7d9f158f]" started-at="2020-07-31T20:07:17Z" name="afterTest" finished-at="2020-07-31T20:07:17Z" duration-ms="1" status="PASS">
          <reporter-output>
          </reporter-output>
        </test-method> <!-- afterTest -->
        <test-method is-config="true" signature="afterSuite()[pri:0, instance:day5NG.All_Annotations@7d9f158f]" started-at="2020-07-31T20:07:17Z" name="afterSuite" finished-at="2020-07-31T20:07:17Z" duration-ms="2" status="PASS">
          <reporter-output>
          </reporter-output>
        </test-method> <!-- afterSuite -->
      </class> <!-- day5NG.All_Annotations -->
    </test> <!-- Default test -->
  </suite> <!-- Default suite -->
</testng-results>
