<?xml version="1.0" encoding="UTF-8"?>
<!-- Generated by org.testng.reporters.JUnitXMLReporter -->
<testsuite ignored="0" hostname="bhajandevi" failures="0" tests="3" name="Default test" time="1.378" errors="0" timestamp="31 Jul 2020 14:37:17 GMT">
  <testcase classname="day5NG.All_Annotations" name="f1" time="0.561"/>
  <testcase classname="day5NG.All_Annotations" name="f2" time="0.017"/>
  <testcase classname="day5NG.All_Annotations" name="f3" time="0.1"/>
</testsuite> <!-- Default test -->
