<?xml version="1.0" encoding="UTF-8"?>
<!-- Generated by org.testng.reporters.JUnitXMLReporter -->
<testsuite ignored="3" hostname="bhajandevi" failures="0" tests="1" name="Test" time="0.877" errors="0" timestamp="31 Jul 2020 10:49:06 GMT">
  <testcase classname="day10.GroupingExamples" name="f1" time="0.402"/>
  <testcase classname="day10.GroupingExamples" name="f2" time="0.0">
    <ignored/>
  </testcase> <!-- f2 -->
  <testcase classname="day10.GroupingExamples" name="f3" time="0.0">
    <ignored/>
  </testcase> <!-- f3 -->
  <testcase classname="day10.GroupingExamples" name="f4" time="0.0">
    <ignored/>
  </testcase> <!-- f4 -->
</testsuite> <!-- Test -->
